-------------------------------------------------------------------------------
Test set: runner.TestRunner
-------------------------------------------------------------------------------
Tests run: 12, Failures: 1, Errors: 0, Skipped: 0, Time elapsed: 74.52 s <<< FAILURE! -- in runner.TestRunner
Registration functionality.User creates a duplicate account -- Time elapsed: 6.953 s <<< FAILURE!
java.lang.AssertionError
	at org.junit.Assert.fail(Assert.java:87)
	at org.junit.Assert.assertTrue(Assert.java:42)
	at org.junit.Assert.assertTrue(Assert.java:53)
	at stepdefinitions.Register.user_should_get_a_proper_warning_about_duplicate_email(Register.java:87)
	at ✽.User should get a proper warning about duplicate email(file:///C:/eclipse-workspace/CucumberBB/TutorialsNinjaProject/src/test/resources/features/Register.feature:37)

